INFO 2026-07-07 17:28:48,120 motor_inferencia Hecho agregado: no_enciende = False
INFO 2026-07-07 17:28:52,064 motor_inferencia Hecho agregado: pantalla_negra = False
INFO 2026-07-07 17:29:01,330 motor_inferencia Hecho agregado: pitidos_continuos = True
INFO 2026-07-07 17:29:05,680 motor_inferencia Hecho agregado: ruidos_extranos = True
INFO 2026-07-07 17:29:09,310 motor_inferencia Hecho agregado: calor_excesivo = True
INFO 2026-07-07 17:29:13,098 motor_inferencia Hecho agregado: se_apaga_solo = True
INFO 2026-07-07 17:29:16,170 motor_inferencia Hecho agregado: sistema_lento = True
INFO 2026-07-07 17:29:16,176 motor_inferencia Motor de inferencia inicializado correctamente
INFO 2026-07-07 17:29:16,178 motor_inferencia Iniciando inferencia con hechos: {'sintoma_principal': 'ventanas_emergentes', 'no_enciende': False, 'pantalla_negra': False, 'pitidos_continuos': True, 'ruidos_extranos': True, 'calor_excesivo': True, 'se_apaga_solo': True, 'sistema_lento': True}
INFO 2026-07-07 17:29:16,178 motor_inferencia Regla activada: R003 - Sobrecalentamiento
INFO 2026-07-07 17:29:16,178 motor_inferencia Regla activada: R005 - Falla de disco duro o SSD
INFO 2026-07-07 17:29:16,178 motor_inferencia Regla activada: R009 - Falla de ventiladores
INFO 2026-07-07 17:29:16,178 motor_inferencia Diagnostico completado: Sobrecalentamiento del Equipo (confianza: 100%)
INFO 2026-07-07 17:37:54,988 motor_inferencia Hecho agregado: pantalla_negra = azul
INFO 2026-07-07 17:38:08,127 motor_inferencia Hecho agregado: instalacion_reciente = True
INFO 2026-07-07 17:38:12,780 motor_inferencia Hecho agregado: codigo_error_7B = False
INFO 2026-07-07 17:38:16,948 motor_inferencia Hecho agregado: reinicios_frecuentes = True
INFO 2026-07-07 17:38:24,449 motor_inferencia Hecho agregado: no_inicia_windows = True
INFO 2026-07-07 17:38:24,451 motor_inferencia Motor de inferencia inicializado correctamente
INFO 2026-07-07 17:38:24,451 motor_inferencia Iniciando inferencia con hechos: {'sintoma_principal': 'pantalla_azul', 'pantalla_negra': 'azul', 'instalacion_reciente': True, 'codigo_error_7B': False, 'reinicios_frecuentes': True, 'no_inicia_windows': True}
WARNING 2026-07-07 17:38:24,451 motor_inferencia No se activaron reglas especificas, generando diagnostico generico
INFO 2026-07-07 17:38:46,928 motor_inferencia Hecho agregado: no_enciende = False
INFO 2026-07-07 17:38:50,084 motor_inferencia Hecho agregado: pantalla_negra = False
INFO 2026-07-07 17:38:53,370 motor_inferencia Hecho agregado: pitidos_continuos = True
INFO 2026-07-07 17:38:58,018 motor_inferencia Hecho agregado: ruidos_extranos = True
INFO 2026-07-07 17:39:03,936 motor_inferencia Hecho agregado: calor_excesivo = True
INFO 2026-07-07 17:39:07,742 motor_inferencia Hecho agregado: se_apaga_solo = True
INFO 2026-07-07 17:39:13,223 motor_inferencia Hecho agregado: sistema_lento = True
INFO 2026-07-07 17:39:13,228 motor_inferencia Motor de inferencia inicializado correctamente
INFO 2026-07-07 17:39:13,228 motor_inferencia Iniciando inferencia con hechos: {'sintoma_principal': 'se_apaga_solo', 'no_enciende': False, 'pantalla_negra': False, 'pitidos_continuos': True, 'ruidos_extranos': True, 'calor_excesivo': True, 'se_apaga_solo': True, 'sistema_lento': True}
INFO 2026-07-07 17:39:13,228 motor_inferencia Regla activada: R003 - Sobrecalentamiento
INFO 2026-07-07 17:39:13,236 motor_inferencia Regla activada: R005 - Falla de disco duro o SSD
INFO 2026-07-07 17:39:13,239 motor_inferencia Regla activada: R009 - Falla de ventiladores
INFO 2026-07-07 17:39:13,239 motor_inferencia Diagnostico completado: Sobrecalentamiento del Equipo (confianza: 100%)
INFO 2026-07-11 14:07:31,554 motor_inferencia Hecho agregado: no_enciende = False
INFO 2026-07-11 14:07:45,260 motor_inferencia Hecho agregado: pantalla_negra = False
INFO 2026-07-11 14:07:53,552 motor_inferencia Hecho agregado: pitidos_continuos = False
INFO 2026-07-11 14:07:58,168 motor_inferencia Hecho agregado: ruidos_extranos = True
INFO 2026-07-11 14:08:02,878 motor_inferencia Hecho agregado: calor_excesivo = True
INFO 2026-07-11 14:08:07,910 motor_inferencia Hecho agregado: se_apaga_solo = True
INFO 2026-07-11 14:08:12,486 motor_inferencia Hecho agregado: sistema_lento = True
INFO 2026-07-11 14:08:12,488 motor_inferencia Motor de inferencia inicializado correctamente
INFO 2026-07-11 14:08:12,488 motor_inferencia Iniciando inferencia con hechos: {'sintoma_principal': 'se_apaga_solo', 'no_enciende': False, 'pantalla_negra': False, 'pitidos_continuos': False, 'ruidos_extranos': True, 'calor_excesivo': True, 'se_apaga_solo': True, 'sistema_lento': True}
INFO 2026-07-11 14:08:12,488 motor_inferencia Regla activada: R003 - Sobrecalentamiento
INFO 2026-07-11 14:08:12,488 motor_inferencia Regla activada: R005 - Falla de disco duro o SSD
INFO 2026-07-11 14:08:12,488 motor_inferencia Regla activada: R009 - Falla de ventiladores
INFO 2026-07-11 14:08:12,488 motor_inferencia Diagnostico completado: Sobrecalentamiento del Equipo (confianza: 100%)
INFO 2026-07-11 14:21:14,490 motor_inferencia Hecho agregado: pantalla_negra = False
